2024-09-29 02:07:00,369 - INFO - Started third-party integrations detection for: hide01.ir
2024-09-29 02:07:07,136 - INFO - No third-party integrations found.
2024-09-29 02:07:07,137 - INFO - Third-party integrations check completed.
2024-09-29 02:09:07,077 - INFO - Started third-party integrations detection for: paradoxmarketing.io
2024-09-29 02:09:14,157 - INFO - Results saved to D:\EPI\Projects\Testing\Argus\modules\..\Results\third_party_integrations_http_paradoxmarketing.io.txt
2024-09-29 02:09:14,158 - INFO - Third-party integrations check completed.
2024-09-29 02:11:11,709 - INFO - Started third-party integrations detection for: paradoxmarketing.io
2024-09-29 02:11:19,158 - INFO - Results saved to D:\EPI\Projects\Testing\Argus\modules\..\Results\third_party_integrations_http_paradoxmarketing.io.txt
2024-09-29 02:11:19,159 - INFO - Third-party integrations check completed.
2024-09-29 02:13:54,569 - INFO - Started third-party integrations detection for: paradoxmarketing.io
2024-09-29 02:14:02,014 - INFO - Results saved to D:\EPI\Projects\Testing\Argus\modules\..\Results\third_party_integrations_http_paradoxmarketing.io.txt
2024-09-29 02:14:02,014 - INFO - Third-party integrations check completed.
2024-09-29 02:14:51,170 - INFO - Started third-party integrations detection for: paradoxmarketing.io
2024-09-29 02:14:59,761 - INFO - Results saved to D:\EPI\Projects\Testing\Argus\modules\..\Results\third_party_integrations_http_paradoxmarketing.io.txt
2024-09-29 02:14:59,761 - INFO - Third-party integrations check completed.
2024-09-29 02:15:44,121 - INFO - Started third-party integrations detection for: paradoxmarketing.io
2024-09-29 02:15:53,296 - INFO - Results saved to D:\EPI\Projects\Testing\Argus\modules\..\Results\third_party_integrations_http_paradoxmarketing.io.txt
2024-09-29 02:15:53,296 - INFO - Third-party integrations check completed.
2024-09-29 02:16:08,513 - INFO - Started third-party integrations detection for: paradoxmarketing.io
2024-09-29 02:16:16,147 - INFO - Results saved to D:\EPI\Projects\Testing\Argus\modules\..\Results\third_party_integrations_http_paradoxmarketing.io.txt
2024-09-29 02:16:16,147 - INFO - Third-party integrations check completed.
2024-09-29 02:17:29,098 - INFO - Started third-party integrations detection for: paradoxmarketing.io
2024-09-29 02:17:36,238 - INFO - Results saved to D:\EPI\Projects\Testing\Argus\modules\..\Results\third_party_integrations_http_paradoxmarketing.io.txt
2024-09-29 02:17:36,238 - INFO - Third-party integrations check completed.
2024-09-29 02:20:58,257 - INFO - Started third-party integrations detection for: paradoxmarketing.io
2024-09-29 02:21:05,588 - INFO - Results saved to D:\EPI\Projects\Testing\Argus\modules\..\Results\third_party_integrations_http_paradoxmarketing.io.txt
2024-09-29 02:21:05,589 - INFO - Third-party integrations check completed.
2024-09-29 02:21:47,920 - INFO - Started third-party integrations detection for: paradoxmarketing.io
2024-09-29 02:21:54,829 - INFO - Results saved to D:\EPI\Projects\Testing\Argus\modules\..\Results\third_party_integrations_http_paradoxmarketing.io.txt
2024-09-29 02:21:54,830 - INFO - Third-party integrations check completed.
